<?xml version="1.0" encoding="UTF-8"?>
<!-- Generated by org.testng.reporters.JUnitReportReporter -->
<testsuite hostname="SanketNegi" name="com.crm.qa.testcases.HomePagetest" tests="1" failures="0" timestamp="9 Oct 2021 05:24:37 GMT" time="13.318" errors="0">
  <testcase name="validateAccount" time="13.318" classname="com.crm.qa.testcases.HomePagetest"/>
</testsuite> <!-- com.crm.qa.testcases.HomePagetest -->
