<?xml version="1.0" encoding="UTF-8"?>
<!-- Generated by org.testng.reporters.JUnitReportReporter -->
<testsuite hostname="SanketNegi" name="com.crm.qa.testcases.LoginPageTest" tests="3" failures="0" timestamp="9 Dec 2021 03:31:54 GMT" time="133.105" errors="0">
  <testcase name="loginPageTitleTest" time="12.585" classname="com.crm.qa.testcases.LoginPageTest"/>
  <testcase name="LoginTest" time="96.704" classname="com.crm.qa.testcases.LoginPageTest"/>
  <testcase name="validateSubmitBtntest" time="23.816" classname="com.crm.qa.testcases.LoginPageTest"/>
</testsuite> <!-- com.crm.qa.testcases.LoginPageTest -->
